<?xml version="1.0" encoding="UTF-8"?>
<testsuite name="com.combotag.yositesting2.TestMain$TestSiteMain" tests="1" skipped="0" failures="0" errors="0" timestamp="2018-09-27T07:50:12" hostname="a-kucherenko-pc" time="20.873">
  <properties/>
  <testcase name="mainTest" classname="com.combotag.yositesting2.TestMain$TestSiteMain" time="20.873"/>
  <system-out><![CDATA[]]></system-out>
  <system-err><![CDATA[]]></system-err>
</testsuite>
