<?xml version="1.0" encoding="UTF-8"?>
<testsuite name="com.combotag.yositesting2.TestMain$TestSiteMain" tests="1" skipped="0" failures="0" errors="0" timestamp="2018-09-26T09:07:53" hostname="a-kucherenko-pc" time="26.708">
  <properties/>
  <testcase name="mainTest" classname="com.combotag.yositesting2.TestMain$TestSiteMain" time="26.708"/>
  <system-out><![CDATA[]]></system-out>
  <system-err><![CDATA[]]></system-err>
</testsuite>
